<?xml version="1.0" encoding="UTF-8"?>
<!-- Generated by org.testng.reporters.JUnitReportReporter -->
<testsuite hostname="Kaveeshs-MacBook-Air.local" failures="0" tests="1" name="com.euka.tests.TC01_StudentEnrollmentTest" time="6.588" errors="0" timestamp="2024-06-30T14:21:42 IST" skipped="0">
  <testcase classname="com.euka.tests.TC01_StudentEnrollmentTest" name="studentEnrollmentTest" time="6.588"/>
</testsuite> <!-- com.euka.tests.TC01_StudentEnrollmentTest -->
